<?xml version='1.0'?>
<ns2:test-suite xmlns:ns2='urn:model.allure.qatools.yandex.ru' start='1651821801865' stop='1651821814706'>
    <name>SignUp Login and Update Cart Application</name>
    <title>SignUp Login and Update Cart Application</title>
    <test-cases>
        <test-case start='1651821801868' status='passed' stop='1651821809668'>
            <name>verify the Title</name>
            <title>verify the Title</title>
            <labels>
                <label name='language' value='javascript'/>
                <label name='framework' value='wdio'/>
                <label name='thread' value='0-0'/>
            </labels>
            <parameters>
                <parameter kind='argument' name='browser' value='Chrome-101.0.4951.54'/>
            </parameters>
            <steps>
                <step start='1651821801882' status='passed' stop='1651821809639'>
                    <name>getTitle</name>
                    <title>getTitle</title>
                    <attachments/>
                    <steps>
                        <step start='1651821801886' status='passed' stop='1651821801897'>
                            <name>navigateTo</name>
                            <title>navigateTo</title>
                            <attachments>
                                <attachment title='Request' source='8ebe388f-e4ed-4352-b340-ce5372fcaba1-attachment.json' type='application/json' size='54'/>
                            </attachments>
                            <steps/>
                        </step>
                    </steps>
                </step>
                <step start='1651821809653' status='passed' stop='1651821809658'>
                    <name>getTitle</name>
                    <title>getTitle</title>
                    <attachments>
                        <attachment title='Response' source='9ed9a4aa-86c2-4590-8951-b200902e6a00-attachment.json' type='application/json' size='10'/>
                    </attachments>
                    <steps/>
                </step>
            </steps>
            <attachments/>
        </test-case>
        <test-case start='1651821809678' status='failed' stop='1651821810972'>
            <name>verify the SignIn Button</name>
            <title>verify the SignIn Button</title>
            <labels>
                <label name='language' value='javascript'/>
                <label name='framework' value='wdio'/>
                <label name='thread' value='0-0'/>
            </labels>
            <parameters>
                <parameter kind='argument' name='browser' value='Chrome-101.0.4951.54'/>
            </parameters>
            <steps>
                <step start='1651821809689' status='passed' stop='1651821809701'>
                    <name>findElement</name>
                    <title>findElement</title>
                    <attachments>
                        <attachment title='Request' source='6b7c36d0-c10f-4ee4-a832-187b197f534e-attachment.json' type='application/json' size='51'/>
                        <attachment title='Response' source='13e09dc8-63f4-42c9-a354-99d352de5bff-attachment.json' type='application/json' size='56'/>
                    </attachments>
                    <steps/>
                </step>
                <step start='1651821809726' status='passed' stop='1651821809742'>
                    <name>findElements</name>
                    <title>findElements</title>
                    <attachments>
                        <attachment title='Request' source='3f29afe3-2dce-4b9a-bf3b-20609c423745-attachment.json' type='application/json' size='51'/>
                        <attachment title='Response' source='c1c7ba84-d148-41a9-b3bd-59c8529c2ebc-attachment.json' type='application/json' size='66'/>
                    </attachments>
                    <steps/>
                </step>
                <step start='1651821809777' status='passed' stop='1651821810970'>
                    <name>takeScreenshot</name>
                    <title>takeScreenshot</title>
                    <attachments>
                        <attachment title='Screenshot' source='61cd65e5-4f94-4d51-be88-83c3790650dc-attachment.png' type='image/png' size='2294493'/>
                    </attachments>
                    <steps/>
                </step>
            </steps>
            <attachments/>
            <failure>
                <message>expect(received).toEqual(expected) // deep equality
                
                Expected: false
                Received: true</message>
                <stack-trace>Error: expect(received).toEqual(expected) // deep equality
                
                Expected: false
                Received: true
                    at Context.&lt;anonymous> (C:\Users\shameera\Documents\wdiosample\test\specs\/common.spec.js:19:63)
                    at processTicksAndRejections (node:internal/process/task_queues:96:5)</stack-trace>
            </failure>
        </test-case>
        <test-case start='1651821810976' status='passed' stop='1651821814214'>
            <name>search any from Searchtext</name>
            <title>search any from Searchtext</title>
            <labels>
                <label name='language' value='javascript'/>
                <label name='framework' value='wdio'/>
                <label name='thread' value='0-0'/>
            </labels>
            <parameters>
                <parameter kind='argument' name='browser' value='Chrome-101.0.4951.54'/>
            </parameters>
            <steps>
                <step start='1651821810980' status='passed' stop='1651821810991'>
                    <name>findElement</name>
                    <title>findElement</title>
                    <attachments>
                        <attachment title='Request' source='66d81291-c8eb-4316-bd9f-e8b20a95c8af-attachment.json' type='application/json' size='61'/>
                        <attachment title='Response' source='e4032500-dfc4-47bf-b865-79b7a580e99f-attachment.json' type='application/json' size='56'/>
                    </attachments>
                    <steps/>
                </step>
                <step start='1651821811002' status='passed' stop='1651821811013'>
                    <name>elementClear</name>
                    <title>elementClear</title>
                    <attachments>
                        <attachment title='Request' source='f23a85f4-7fb1-4d98-9b71-d71fef4feb0f-attachment.json' type='application/json' size='30'/>
                    </attachments>
                    <steps/>
                </step>
                <step start='1651821811028' status='passed' stop='1651821811126'>
                    <name>elementSendKeys</name>
                    <title>elementSendKeys</title>
                    <attachments>
                        <attachment title='Request' source='47242675-9e24-4b02-9c41-fb9afe47ac6a-attachment.json' type='application/json' size='50'/>
                    </attachments>
                    <steps/>
                </step>
                <step start='1651821811130' status='passed' stop='1651821811144'>
                    <name>findElement</name>
                    <title>findElement</title>
                    <attachments>
                        <attachment title='Request' source='dfcad564-f35c-48f4-af47-56864c8dca45-attachment.json' type='application/json' size='68'/>
                        <attachment title='Response' source='3296020d-bb21-4e86-89ae-bd63a66e2fd1-attachment.json' type='application/json' size='56'/>
                    </attachments>
                    <steps/>
                </step>
                <step start='1651821811153' status='passed' stop='1651821811206'>
                    <name>elementClick</name>
                    <title>elementClick</title>
                    <attachments>
                        <attachment title='Request' source='707d4b76-d1de-4bdf-b4fd-cc0859a8d61d-attachment.json' type='application/json' size='30'/>
                    </attachments>
                    <steps/>
                </step>
            </steps>
            <attachments/>
        </test-case>
        <test-case start='1651821814214' status='broken' stop='1651821814694'>
            <name>navigate to Sign In Page</name>
            <title>navigate to Sign In Page</title>
            <labels>
                <label name='language' value='javascript'/>
                <label name='framework' value='wdio'/>
                <label name='thread' value='0-0'/>
            </labels>
            <parameters>
                <parameter kind='argument' name='browser' value='Chrome-101.0.4951.54'/>
            </parameters>
            <steps/>
            <attachments/>
            <failure>
                <message>no current window handle registered</message>
                <stack-trace>Error: no current window handle registered
                    at DevToolsDriver.getPageHandle (C:\Users\shameera\Documents\wdiosample\node_modules\devtools\build\devtoolsdriver.js:166:19)
                    at DevToolsDriver.checkPendingNavigations (C:\Users\shameera\Documents\wdiosample\node_modules\devtools\build\devtoolsdriver.js:179:25)
                    at DevToolsDriver.checkPendingNavigations (C:\Users\shameera\Documents\wdiosample\node_modules\devtools\build\devtoolsdriver.js:225:20)
                    at Browser.wrappedCommand (C:\Users\shameera\Documents\wdiosample\node_modules\devtools\build\devtoolsdriver.js:97:13)
                    at Browser.wrapCommandFn (C:\Users\shameera\Documents\wdiosample\node_modules\@wdio\utils\build\shim.js:137:29)
                    at Browser.$ (C:\Users\shameera\Documents\wdiosample\node_modules\webdriverio\build\commands\browser\$.js:91:17)
                    at Browser.wrapCommandFn (C:\Users\shameera\Documents\wdiosample\node_modules\@wdio\utils\build\shim.js:137:29)
                    at HomePage.navigatetoSignInPage (C:\Users\shameera\Documents\wdiosample\test\pageobjects\/home.page.js:31:16)
                    at Context.&lt;anonymous> (C:\Users\shameera\Documents\wdiosample\test\specs\/common.spec.js:29:9)</stack-trace>
            </failure>
        </test-case>
    </test-cases>
</ns2:test-suite>